Using pre-set license
Built from '2020.3/release' branch; Version is '2020.3.2f1 (8fd9074bf66c) revision 9427207'; Using compiler version '192528614'; Build Type 'Release'
OS: 'Windows 10 Home; OS build 19042.1165; Version 2009; 64bit' Language: 'ru' Physical Memory: 32718 MB
BatchMode: 1, IsHumanControllingUs: 0, StartBugReporterOnCrash: 0, Is64bit: 1, IsPro: 0

 COMMAND LINE ARGUMENTS:
C:\UnityEditors\2020.3.2f1\Editor\Unity.exe
-adb2
-batchMode
-noUpm
-name
AssetImportWorker0
-projectPath
C:/Repositories/UnityScriptableObjectArchitectureTemplate
-logFile
Logs/AssetImportWorker0.log
-srvPort
54796
Successfully changed project path to: C:/Repositories/UnityScriptableObjectArchitectureTemplate
C:/Repositories/UnityScriptableObjectArchitectureTemplate
Using Asset Import Pipeline V2.
Refreshing native plugins compatible for Editor in 34.76 ms, found 1 plugins.
Preloading 0 native plugins for Editor in 0.00 ms.
Initialize engine version: 2020.3.2f1 (8fd9074bf66c)
[Subsystems] Discovering subsystems at path C:/UnityEditors/2020.3.2f1/Editor/Data/Resources/UnitySubsystems
[Subsystems] Discovering subsystems at path C:/Repositories/UnityScriptableObjectArchitectureTemplate/Assets
GfxDevice: creating device client; threaded=0
Direct3D:
    Version:  Direct3D 11.0 [level 11.1]
    Renderer: AMD Radeon RX 5700 XT (ID=0x731f)
    Vendor:   
    VRAM:     8151 MB
    Driver:   27.20.22001.14011
Initialize mono
Mono path[0] = 'C:/UnityEditors/2020.3.2f1/Editor/Data/Managed'
Mono path[1] = 'C:/UnityEditors/2020.3.2f1/Editor/Data/MonoBleedingEdge/lib/mono/unityjit'
Mono config path = 'C:/UnityEditors/2020.3.2f1/Editor/Data/MonoBleedingEdge/etc'
Using monoOptions --debugger-agent=transport=dt_socket,embedding=1,server=y,suspend=n,address=127.0.0.1:56748
Begin MonoManager ReloadAssembly
Registering precompiled unity dll's ...
Register platform support module: C:/UnityEditors/2020.3.2f1/Editor/Data/PlaybackEngines/WindowsStandaloneSupport/UnityEditor.WindowsStandalone.Extensions.dll
Registered in 0.001794 seconds.
Native extension for WindowsStandalone target not found
Refreshing native plugins compatible for Editor in 39.45 ms, found 1 plugins.
Preloading 0 native plugins for Editor in 0.00 ms.
Invoked RoslynAnalysisRunner static constructor.
RoslynAnalysisRunner will not be running.
RoslynAnalysisRunner has terminated.
Mono: successfully reloaded assembly
- Completed reload, in  0.996 seconds
Platform modules already initialized, skipping
Registering precompiled user dll's ...
Registered in 0.000789 seconds.
Begin MonoManager ReloadAssembly
Native extension for WindowsStandalone target not found
Refreshing native plugins compatible for Editor in 34.68 ms, found 1 plugins.
Preloading 0 native plugins for Editor in 0.00 ms.
Invoked RoslynAnalysisRunner static constructor.
RoslynAnalysisRunner will not be running.
RoslynAnalysisRunner has terminated.
Mono: successfully reloaded assembly
- Completed reload, in  0.850 seconds
Platform modules already initialized, skipping
========================================================================
Worker process is ready to serve import requests
Launched and connected shader compiler UnityShaderCompiler.exe after 0.03 seconds
Refreshing native plugins compatible for Editor in 0.43 ms, found 1 plugins.
Preloading 0 native plugins for Editor in 0.00 ms.
Unloading 1840 Unused Serialized files (Serialized files now loaded: 0)
System memory in use before: 86.0 MB.
System memory in use after: 85.9 MB.

Unloading 24 unused Assets to reduce memory usage. Loaded Objects now: 2284.
Total: 1.799700 ms (FindLiveObjects: 0.232200 ms CreateObjectMapping: 0.055000 ms MarkObjects: 1.404800 ms  DeleteObjects: 0.106800 ms)

========================================================================
Received Import Request.
  path: Assets/Content/Sample/Prefabs/UI/UpgradesPage.prefab
  artifactKey: Guid(74e4819ac2b1bf24fa62ccdeaa225f4e) Importer(815301076,1909f56bfc062723c751e8b465ee728b)
Start importing Assets/Content/Sample/Prefabs/UI/UpgradesPage.prefab using Guid(74e4819ac2b1bf24fa62ccdeaa225f4e) Importer(815301076,1909f56bfc062723c751e8b465ee728b)  -> (artifact id: '74df3b5568ec34bc7535081517c8f840') in 0.090288 seconds
  Import took 0.093643 seconds .

========================================================================
Received Import Request.
  Time since last request: 6.669579 seconds.
  path: Assets/Content/Sample/ScriptableObjects/Systems
  artifactKey: Guid(6913dbe54b1b8f04a95bb4404d4e0f63) Importer(815301076,1909f56bfc062723c751e8b465ee728b)
Start importing Assets/Content/Sample/ScriptableObjects/Systems using Guid(6913dbe54b1b8f04a95bb4404d4e0f63) Importer(815301076,1909f56bfc062723c751e8b465ee728b)  -> (artifact id: 'c9842580e217ad4d379c1e47b3b6a63f') in 0.010828 seconds
  Import took 0.015057 seconds .

========================================================================
Received Import Request.
  Time since last request: 0.062215 seconds.
  path: Assets/Content/Sample/ScriptableObjects/Systems/PlayerprefsSaveSystem.asset
  artifactKey: Guid(342e8a9e807bfa748a79cbca0bed3e6c) Importer(815301076,1909f56bfc062723c751e8b465ee728b)
Start importing Assets/Content/Sample/ScriptableObjects/Systems/PlayerprefsSaveSystem.asset using Guid(342e8a9e807bfa748a79cbca0bed3e6c) Importer(815301076,1909f56bfc062723c751e8b465ee728b)  -> (artifact id: '608549dd8f4af0cac198830ef71582e4') in 0.007114 seconds
  Import took 0.009681 seconds .

========================================================================
Received Import Request.
  Time since last request: 46.542049 seconds.
  path: Assets/Content/Sample/Prefabs/UI/MenuPage.prefab
  artifactKey: Guid(b4ca6b61685b13d4a80357cefbb68efb) Importer(815301076,1909f56bfc062723c751e8b465ee728b)
Start importing Assets/Content/Sample/Prefabs/UI/MenuPage.prefab using Guid(b4ca6b61685b13d4a80357cefbb68efb) Importer(815301076,1909f56bfc062723c751e8b465ee728b)  -> (artifact id: 'd27f07e717ea6eef9bbe11481479133b') in 0.016956 seconds
  Import took 0.020267 seconds .

========================================================================
Received Import Request.
  Time since last request: 0.799167 seconds.
  path: Assets/Content/Sample/Prefabs/UI/MenuPage.prefab
  artifactKey: Guid(b4ca6b61685b13d4a80357cefbb68efb) Importer(815301076,1909f56bfc062723c751e8b465ee728b)
Start importing Assets/Content/Sample/Prefabs/UI/MenuPage.prefab using Guid(b4ca6b61685b13d4a80357cefbb68efb) Importer(815301076,1909f56bfc062723c751e8b465ee728b)  -> (artifact id: '740a4bba811c1e209e680c102804e9cb') in 0.013503 seconds
  Import took 0.016796 seconds .

========================================================================
Received Import Request.
  Time since last request: 9.717310 seconds.
  path: Assets/Content/Sample/Prefabs/UI/MenuPage.prefab
  artifactKey: Guid(b4ca6b61685b13d4a80357cefbb68efb) Importer(815301076,1909f56bfc062723c751e8b465ee728b)
Start importing Assets/Content/Sample/Prefabs/UI/MenuPage.prefab using Guid(b4ca6b61685b13d4a80357cefbb68efb) Importer(815301076,1909f56bfc062723c751e8b465ee728b)  -> (artifact id: '74905b2c50593a52e534d75e16b304f2') in 0.013163 seconds
  Import took 0.016403 seconds .

========================================================================
Received Import Request.
  Time since last request: 34.193100 seconds.
  path: Assets/Content/Sample/Prefabs/UI/MenuPage.prefab
  artifactKey: Guid(b4ca6b61685b13d4a80357cefbb68efb) Importer(815301076,1909f56bfc062723c751e8b465ee728b)
Start importing Assets/Content/Sample/Prefabs/UI/MenuPage.prefab using Guid(b4ca6b61685b13d4a80357cefbb68efb) Importer(815301076,1909f56bfc062723c751e8b465ee728b)  -> (artifact id: '4dd87040b4b401722739305af41a196d') in 0.013326 seconds
  Import took 0.016843 seconds .

========================================================================
Received Import Request.
  Time since last request: 10.523257 seconds.
  path: Assets/Content/Sample/Prefabs/UI/MenuPage.prefab
  artifactKey: Guid(b4ca6b61685b13d4a80357cefbb68efb) Importer(815301076,1909f56bfc062723c751e8b465ee728b)
Start importing Assets/Content/Sample/Prefabs/UI/MenuPage.prefab using Guid(b4ca6b61685b13d4a80357cefbb68efb) Importer(815301076,1909f56bfc062723c751e8b465ee728b)  -> (artifact id: '81a9d44b5d74eaa81ca83c3c7223aa50') in 0.017618 seconds
  Import took 0.021351 seconds .

========================================================================
Received Import Request.
  Time since last request: 4.228258 seconds.
  path: Assets/Content/Sample/Prefabs/UI/MenuPage.prefab
  artifactKey: Guid(b4ca6b61685b13d4a80357cefbb68efb) Importer(815301076,1909f56bfc062723c751e8b465ee728b)
Start importing Assets/Content/Sample/Prefabs/UI/MenuPage.prefab using Guid(b4ca6b61685b13d4a80357cefbb68efb) Importer(815301076,1909f56bfc062723c751e8b465ee728b)  -> (artifact id: 'e2c2fda7ee17e8a36f3034ea15c3ce00') in 0.013922 seconds
  Import took 0.017178 seconds .

========================================================================
Received Import Request.
  Time since last request: 4.612613 seconds.
  path: Assets/Content/Sample/Prefabs/UI/MenuPage.prefab
  artifactKey: Guid(b4ca6b61685b13d4a80357cefbb68efb) Importer(815301076,1909f56bfc062723c751e8b465ee728b)
Start importing Assets/Content/Sample/Prefabs/UI/MenuPage.prefab using Guid(b4ca6b61685b13d4a80357cefbb68efb) Importer(815301076,1909f56bfc062723c751e8b465ee728b)  -> (artifact id: 'd062afd2fb353d27d95adc83942c18c2') in 0.013838 seconds
  Import took 0.017062 seconds .

========================================================================
Received Import Request.
  Time since last request: 7.067163 seconds.
  path: Assets/Content/Sample/Prefabs/UI/MenuPage.prefab
  artifactKey: Guid(b4ca6b61685b13d4a80357cefbb68efb) Importer(815301076,1909f56bfc062723c751e8b465ee728b)
Start importing Assets/Content/Sample/Prefabs/UI/MenuPage.prefab using Guid(b4ca6b61685b13d4a80357cefbb68efb) Importer(815301076,1909f56bfc062723c751e8b465ee728b)  -> (artifact id: '5d1e54f1208047d54a62ace42734a85c') in 0.019536 seconds
  Import took 0.023362 seconds .

========================================================================
Received Import Request.
  Time since last request: 4.079210 seconds.
  path: Assets/Content/Sample/Prefabs/UI/MenuPage.prefab
  artifactKey: Guid(b4ca6b61685b13d4a80357cefbb68efb) Importer(815301076,1909f56bfc062723c751e8b465ee728b)
Start importing Assets/Content/Sample/Prefabs/UI/MenuPage.prefab using Guid(b4ca6b61685b13d4a80357cefbb68efb) Importer(815301076,1909f56bfc062723c751e8b465ee728b)  -> (artifact id: '67525abfb8e498d55ca4d07a544f0295') in 0.013618 seconds
  Import took 0.016723 seconds .

========================================================================
Received Import Request.
  Time since last request: 3.816168 seconds.
  path: Assets/Content/Sample/Prefabs/UI/MenuPage.prefab
  artifactKey: Guid(b4ca6b61685b13d4a80357cefbb68efb) Importer(815301076,1909f56bfc062723c751e8b465ee728b)
Start importing Assets/Content/Sample/Prefabs/UI/MenuPage.prefab using Guid(b4ca6b61685b13d4a80357cefbb68efb) Importer(815301076,1909f56bfc062723c751e8b465ee728b)  -> (artifact id: 'cf862cd779e46dc3516d1865f3a31e5f') in 0.013568 seconds
  Import took 0.016781 seconds .

========================================================================
Received Import Request.
  Time since last request: 2.838383 seconds.
  path: Assets/Content/Sample/Prefabs/UI/MenuPage.prefab
  artifactKey: Guid(b4ca6b61685b13d4a80357cefbb68efb) Importer(815301076,1909f56bfc062723c751e8b465ee728b)
Start importing Assets/Content/Sample/Prefabs/UI/MenuPage.prefab using Guid(b4ca6b61685b13d4a80357cefbb68efb) Importer(815301076,1909f56bfc062723c751e8b465ee728b)  -> (artifact id: '80f966747489dec2226bf9e49ab57ae4') in 0.013411 seconds
  Import took 0.016668 seconds .

========================================================================
Received Import Request.
  Time since last request: 4.641309 seconds.
  path: Assets/Content/Sample/Prefabs/UI/MenuPage.prefab
  artifactKey: Guid(b4ca6b61685b13d4a80357cefbb68efb) Importer(815301076,1909f56bfc062723c751e8b465ee728b)
Start importing Assets/Content/Sample/Prefabs/UI/MenuPage.prefab using Guid(b4ca6b61685b13d4a80357cefbb68efb) Importer(815301076,1909f56bfc062723c751e8b465ee728b)  -> (artifact id: 'e09a7865f17aef20269de7e8932c18ea') in 0.014327 seconds
  Import took 0.017683 seconds .

========================================================================
Received Import Request.
  Time since last request: 2.618779 seconds.
  path: Assets/Content/Sample/Prefabs/UI/MenuPage.prefab
  artifactKey: Guid(b4ca6b61685b13d4a80357cefbb68efb) Importer(815301076,1909f56bfc062723c751e8b465ee728b)
Start importing Assets/Content/Sample/Prefabs/UI/MenuPage.prefab using Guid(b4ca6b61685b13d4a80357cefbb68efb) Importer(815301076,1909f56bfc062723c751e8b465ee728b)  -> (artifact id: '3b383df9611d16eead57108a29e5dd1b') in 0.012805 seconds
  Import took 0.016154 seconds .

========================================================================
Received Import Request.
  Time since last request: 16.524681 seconds.
  path: Assets/Content/Sample/Prefabs/UI/MenuPage.prefab
  artifactKey: Guid(b4ca6b61685b13d4a80357cefbb68efb) Importer(815301076,1909f56bfc062723c751e8b465ee728b)
Start importing Assets/Content/Sample/Prefabs/UI/MenuPage.prefab using Guid(b4ca6b61685b13d4a80357cefbb68efb) Importer(815301076,1909f56bfc062723c751e8b465ee728b)  -> (artifact id: 'e95fc71da8193d00df0cf0934cd5518e') in 0.012930 seconds
  Import took 0.016327 seconds .

========================================================================
Received Import Request.
  Time since last request: 8.839520 seconds.
  path: Assets/Content/Sample/Prefabs/UI/MenuPage.prefab
  artifactKey: Guid(b4ca6b61685b13d4a80357cefbb68efb) Importer(815301076,1909f56bfc062723c751e8b465ee728b)
Start importing Assets/Content/Sample/Prefabs/UI/MenuPage.prefab using Guid(b4ca6b61685b13d4a80357cefbb68efb) Importer(815301076,1909f56bfc062723c751e8b465ee728b)  -> (artifact id: '6bcb7f2b969a757b973089cb92e8e67a') in 0.013395 seconds
  Import took 0.016674 seconds .

========================================================================
Received Import Request.
  Time since last request: 6.853742 seconds.
  path: Assets/Content/Sample/Prefabs/UI/MenuPage.prefab
  artifactKey: Guid(b4ca6b61685b13d4a80357cefbb68efb) Importer(815301076,1909f56bfc062723c751e8b465ee728b)
Start importing Assets/Content/Sample/Prefabs/UI/MenuPage.prefab using Guid(b4ca6b61685b13d4a80357cefbb68efb) Importer(815301076,1909f56bfc062723c751e8b465ee728b)  -> (artifact id: 'af05dd1df7b389fdae4cbe45916852dd') in 0.013269 seconds
  Import took 0.016549 seconds .

========================================================================
Received Import Request.
  Time since last request: 28.381028 seconds.
  path: Assets/Content/Sample/Prefabs/UI/MenuPage.prefab
  artifactKey: Guid(b4ca6b61685b13d4a80357cefbb68efb) Importer(815301076,1909f56bfc062723c751e8b465ee728b)
Start importing Assets/Content/Sample/Prefabs/UI/MenuPage.prefab using Guid(b4ca6b61685b13d4a80357cefbb68efb) Importer(815301076,1909f56bfc062723c751e8b465ee728b)  -> (artifact id: 'b88975de9bd8c9ac24161ce2598a986e') in 0.013404 seconds
  Import took 0.016721 seconds .

========================================================================
Received Import Request.
  Time since last request: 12.870593 seconds.
  path: Assets/Content/Sample/Prefabs/UI/MenuPage.prefab
  artifactKey: Guid(b4ca6b61685b13d4a80357cefbb68efb) Importer(815301076,1909f56bfc062723c751e8b465ee728b)
Start importing Assets/Content/Sample/Prefabs/UI/MenuPage.prefab using Guid(b4ca6b61685b13d4a80357cefbb68efb) Importer(815301076,1909f56bfc062723c751e8b465ee728b)  -> (artifact id: '1ab0633a68c77450331a8628e24afed6') in 0.013772 seconds
  Import took 0.017010 seconds .

========================================================================
Received Import Request.
  Time since last request: 8.238451 seconds.
  path: Assets/Content/Sample/Prefabs/UI/MenuPage.prefab
  artifactKey: Guid(b4ca6b61685b13d4a80357cefbb68efb) Importer(815301076,1909f56bfc062723c751e8b465ee728b)
Start importing Assets/Content/Sample/Prefabs/UI/MenuPage.prefab using Guid(b4ca6b61685b13d4a80357cefbb68efb) Importer(815301076,1909f56bfc062723c751e8b465ee728b)  -> (artifact id: '467c9cbf5e953a71fb2b50ad72e17e47') in 0.013414 seconds
  Import took 0.016645 seconds .

========================================================================
Received Import Request.
  Time since last request: 11.901244 seconds.
  path: Assets/Content/Sample/Prefabs/UI/MenuPage.prefab
  artifactKey: Guid(b4ca6b61685b13d4a80357cefbb68efb) Importer(815301076,1909f56bfc062723c751e8b465ee728b)
Start importing Assets/Content/Sample/Prefabs/UI/MenuPage.prefab using Guid(b4ca6b61685b13d4a80357cefbb68efb) Importer(815301076,1909f56bfc062723c751e8b465ee728b)  -> (artifact id: 'e73f988ca9a8cbce5c96bd19054428f1') in 0.013720 seconds
  Import took 0.016996 seconds .

========================================================================
Received Prepare
Registering precompiled user dll's ...
Registered in 0.000774 seconds.
Begin MonoManager ReloadAssembly
Native extension for WindowsStandalone target not found
Refreshing native plugins compatible for Editor in 0.38 ms, found 1 plugins.
Preloading 0 native plugins for Editor in 0.00 ms.
Invoked RoslynAnalysisRunner static constructor.
RoslynAnalysisRunner will not be running.
RoslynAnalysisRunner has terminated.
Mono: successfully reloaded assembly
- Completed reload, in  0.734 seconds
Platform modules already initialized, skipping
Refreshing native plugins compatible for Editor in 0.39 ms, found 1 plugins.
Preloading 0 native plugins for Editor in 0.00 ms.
Unloading 1835 Unused Serialized files (Serialized files now loaded: 0)
System memory in use before: 86.3 MB.
System memory in use after: 86.3 MB.

Unloading 12 unused Assets to reduce memory usage. Loaded Objects now: 2288.
Total: 1.817200 ms (FindLiveObjects: 0.212600 ms CreateObjectMapping: 0.042300 ms MarkObjects: 1.466700 ms  DeleteObjects: 0.094200 ms)

========================================================================
Received Prepare
Registering precompiled user dll's ...
Registered in 0.000815 seconds.
Begin MonoManager ReloadAssembly
Native extension for WindowsStandalone target not found
Refreshing native plugins compatible for Editor in 0.38 ms, found 1 plugins.
Preloading 0 native plugins for Editor in 0.00 ms.
Invoked RoslynAnalysisRunner static constructor.
RoslynAnalysisRunner will not be running.
RoslynAnalysisRunner has terminated.
Mono: successfully reloaded assembly
- Completed reload, in  0.771 seconds
Platform modules already initialized, skipping
Refreshing native plugins compatible for Editor in 0.37 ms, found 1 plugins.
Preloading 0 native plugins for Editor in 0.00 ms.
Unloading 1835 Unused Serialized files (Serialized files now loaded: 0)
System memory in use before: 86.4 MB.
System memory in use after: 86.3 MB.

Unloading 12 unused Assets to reduce memory usage. Loaded Objects now: 2292.
Total: 2.119200 ms (FindLiveObjects: 0.241400 ms CreateObjectMapping: 0.041700 ms MarkObjects: 1.733400 ms  DeleteObjects: 0.101500 ms)

========================================================================
Received Import Request.
  Time since last request: 577.957756 seconds.
  path: Assets/Content/Sample/0x72_DungeonTilesetII_v1.4/frames/big_zombie_idle_anim_f2.png
  artifactKey: Guid(7988f5b42bcbe8e40b98129ac5827d39) Importer(815301076,1909f56bfc062723c751e8b465ee728b)
Start importing Assets/Content/Sample/0x72_DungeonTilesetII_v1.4/frames/big_zombie_idle_anim_f2.png using Guid(7988f5b42bcbe8e40b98129ac5827d39) Importer(815301076,1909f56bfc062723c751e8b465ee728b)  -> (artifact id: 'e6f48f5962548d4639a811867d804881') in 0.129704 seconds
  Import took 0.133064 seconds .

========================================================================
Received Import Request.
  Time since last request: 0.000180 seconds.
  path: Assets/Content/Sample/0x72_DungeonTilesetII_v1.4/frames/chest_empty_open_anim_f1.png
  artifactKey: Guid(82c87ad3caf27d844b508b20b197ff28) Importer(815301076,1909f56bfc062723c751e8b465ee728b)
Start importing Assets/Content/Sample/0x72_DungeonTilesetII_v1.4/frames/chest_empty_open_anim_f1.png using Guid(82c87ad3caf27d844b508b20b197ff28) Importer(815301076,1909f56bfc062723c751e8b465ee728b)  -> (artifact id: 'd3c4596bd86a12b884dae452f9fcf6e1') in 0.014220 seconds
  Import took 0.017089 seconds .

========================================================================
Received Import Request.
  Time since last request: 0.000194 seconds.
  path: Assets/Content/Sample/0x72_DungeonTilesetII_v1.4/frames/big_zombie_run_anim_f3.png
  artifactKey: Guid(704ac1a636e2c524da87558987990109) Importer(815301076,1909f56bfc062723c751e8b465ee728b)
Start importing Assets/Content/Sample/0x72_DungeonTilesetII_v1.4/frames/big_zombie_run_anim_f3.png using Guid(704ac1a636e2c524da87558987990109) Importer(815301076,1909f56bfc062723c751e8b465ee728b)  -> (artifact id: '5662cfaf3cf34dc6e1e046fda1af1511') in 0.013680 seconds
  Import took 0.016252 seconds .

========================================================================
Received Import Request.
  Time since last request: 0.000156 seconds.
  path: Assets/Content/Sample/0x72_DungeonTilesetII_v1.4/frames/chest_mimic_open_anim_f0.png
  artifactKey: Guid(4f9689ab63a2f88468153642c36d5d13) Importer(815301076,1909f56bfc062723c751e8b465ee728b)
Start importing Assets/Content/Sample/0x72_DungeonTilesetII_v1.4/frames/chest_mimic_open_anim_f0.png using Guid(4f9689ab63a2f88468153642c36d5d13) Importer(815301076,1909f56bfc062723c751e8b465ee728b)  -> (artifact id: '30e165458f9ff77c902126aadacca7b7') in 0.013247 seconds
  Import took 0.015675 seconds .

========================================================================
Received Import Request.
  Time since last request: 0.000169 seconds.
  path: Assets/Content/Sample/0x72_DungeonTilesetII_v1.4/frames/big_zombie_idle_anim_f3.png
  artifactKey: Guid(34811d9565dc2f84daf5e70c71981a77) Importer(815301076,1909f56bfc062723c751e8b465ee728b)
Start importing Assets/Content/Sample/0x72_DungeonTilesetII_v1.4/frames/big_zombie_idle_anim_f3.png using Guid(34811d9565dc2f84daf5e70c71981a77) Importer(815301076,1909f56bfc062723c751e8b465ee728b)  -> (artifact id: '1fb8188417fefcfb80d9337524b10a5f') in 0.013190 seconds
  Import took 0.015553 seconds .

========================================================================
Received Import Request.
  Time since last request: 0.000141 seconds.
  path: Assets/Content/Sample/Sprites/UI/Button1.png
  artifactKey: Guid(ee73290b63b5a7d4c950443ff5165938) Importer(815301076,1909f56bfc062723c751e8b465ee728b)
Start importing Assets/Content/Sample/Sprites/UI/Button1.png using Guid(ee73290b63b5a7d4c950443ff5165938) Importer(815301076,1909f56bfc062723c751e8b465ee728b)  -> (artifact id: '39c3c6e1f10267eb13d748382245783e') in 0.009516 seconds
  Import took 0.011948 seconds .

========================================================================
Received Import Request.
  Time since last request: 0.000163 seconds.
  path: Assets/Content/Sample/0x72_DungeonTilesetII_v1.4/frames/big_zombie_run_anim_f2.png
  artifactKey: Guid(6d39903903de7c840b86aa2999750a2a) Importer(815301076,1909f56bfc062723c751e8b465ee728b)
Start importing Assets/Content/Sample/0x72_DungeonTilesetII_v1.4/frames/big_zombie_run_anim_f2.png using Guid(6d39903903de7c840b86aa2999750a2a) Importer(815301076,1909f56bfc062723c751e8b465ee728b)  -> (artifact id: '1b96512348fbb6c17792dea6a9db69f1') in 0.014153 seconds
  Import took 0.016562 seconds .

========================================================================
Received Import Request.
  Time since last request: 0.000151 seconds.
  path: Assets/Content/Sample/0x72_DungeonTilesetII_v1.4/frames/big_zombie_idle_anim_f2.png
  artifactKey: Guid(7988f5b42bcbe8e40b98129ac5827d39) Importer(815301076,1909f56bfc062723c751e8b465ee728b)
Start importing Assets/Content/Sample/0x72_DungeonTilesetII_v1.4/frames/big_zombie_idle_anim_f2.png using Guid(7988f5b42bcbe8e40b98129ac5827d39) Importer(815301076,1909f56bfc062723c751e8b465ee728b)  -> (artifact id: 'e6f48f5962548d4639a811867d804881') in 0.005524 seconds
  Import took 0.007757 seconds .

========================================================================
Received Import Request.
  Time since last request: 0.000169 seconds.
  path: Assets/Content/Sample/0x72_DungeonTilesetII_v1.4/frames/chest_full_open_anim_f2.png
  artifactKey: Guid(7b9589219618f7246bca1eab123893b5) Importer(815301076,1909f56bfc062723c751e8b465ee728b)
Start importing Assets/Content/Sample/0x72_DungeonTilesetII_v1.4/frames/chest_full_open_anim_f2.png using Guid(7b9589219618f7246bca1eab123893b5) Importer(815301076,1909f56bfc062723c751e8b465ee728b)  -> (artifact id: 'e5bc047c2316da5532a6706c78a081ad') in 0.013375 seconds
  Import took 0.015763 seconds .

========================================================================
Received Import Request.
  Time since last request: 0.000173 seconds.
  path: Assets/Content/Sample/0x72_DungeonTilesetII_v1.4/frames/chest_full_open_anim_f1.png
  artifactKey: Guid(db32f14f692bc154da31e9764b5469a6) Importer(815301076,1909f56bfc062723c751e8b465ee728b)
Start importing Assets/Content/Sample/0x72_DungeonTilesetII_v1.4/frames/chest_full_open_anim_f1.png using Guid(db32f14f692bc154da31e9764b5469a6) Importer(815301076,1909f56bfc062723c751e8b465ee728b)  -> (artifact id: '49933f16d98a4876b1584c0035915f64') in 0.012721 seconds
  Import took 0.015512 seconds .

========================================================================
Received Import Request.
  Time since last request: 0.000162 seconds.
  path: Assets/Content/Sample/0x72_DungeonTilesetII_v1.4/frames/big_zombie_run_anim_f0.png
  artifactKey: Guid(f316f2598f01d294a987a7d55997f40e) Importer(815301076,1909f56bfc062723c751e8b465ee728b)
Start importing Assets/Content/Sample/0x72_DungeonTilesetII_v1.4/frames/big_zombie_run_anim_f0.png using Guid(f316f2598f01d294a987a7d55997f40e) Importer(815301076,1909f56bfc062723c751e8b465ee728b)  -> (artifact id: '6098780a30d9e31a4dacaae7d54c4b79') in 0.012998 seconds
  Import took 0.015275 seconds .

========================================================================
Received Import Request.
  Time since last request: 0.000144 seconds.
  path: Assets/Content/Sample/0x72_DungeonTilesetII_v1.4/frames/chest_full_open_anim_f0.png
  artifactKey: Guid(48b69442f6d9c8c489798379f50167aa) Importer(815301076,1909f56bfc062723c751e8b465ee728b)
Start importing Assets/Content/Sample/0x72_DungeonTilesetII_v1.4/frames/chest_full_open_anim_f0.png using Guid(48b69442f6d9c8c489798379f50167aa) Importer(815301076,1909f56bfc062723c751e8b465ee728b)  -> (artifact id: '65e08ee4934390bf92965b905d36117e') in 0.012499 seconds
  Import took 0.014957 seconds .

========================================================================
Received Import Request.
  Time since last request: 0.000144 seconds.
  path: Assets/Content/Sample/0x72_DungeonTilesetII_v1.4/frames/big_zombie_run_anim_f1.png
  artifactKey: Guid(94a277cfeec6fbf46b7e36038a02c4a8) Importer(815301076,1909f56bfc062723c751e8b465ee728b)
Start importing Assets/Content/Sample/0x72_DungeonTilesetII_v1.4/frames/big_zombie_run_anim_f1.png using Guid(94a277cfeec6fbf46b7e36038a02c4a8) Importer(815301076,1909f56bfc062723c751e8b465ee728b)  -> (artifact id: '98834f0173de70f74ef6f285f21d5ab9') in 0.013283 seconds
  Import took 0.015602 seconds .

========================================================================
Received Import Request.
  Time since last request: 0.000155 seconds.
  path: Assets/Content/Sample/0x72_DungeonTilesetII_v1.4/frames/chest_empty_open_anim_f0.png
  artifactKey: Guid(50fe1a4620a6713499c2302d097df4ff) Importer(815301076,1909f56bfc062723c751e8b465ee728b)
Start importing Assets/Content/Sample/0x72_DungeonTilesetII_v1.4/frames/chest_empty_open_anim_f0.png using Guid(50fe1a4620a6713499c2302d097df4ff) Importer(815301076,1909f56bfc062723c751e8b465ee728b)  -> (artifact id: '78616d022259de4d4d3cd5a2a8678353') in 0.012407 seconds
  Import took 0.015053 seconds .

========================================================================
Received Import Request.
  Time since last request: 0.000160 seconds.
  path: Assets/Content/Sample/0x72_DungeonTilesetII_v1.4/frames/chest_empty_open_anim_f2.png
  artifactKey: Guid(5aab65ab90555e741a91b1f881a938e6) Importer(815301076,1909f56bfc062723c751e8b465ee728b)
Start importing Assets/Content/Sample/0x72_DungeonTilesetII_v1.4/frames/chest_empty_open_anim_f2.png using Guid(5aab65ab90555e741a91b1f881a938e6) Importer(815301076,1909f56bfc062723c751e8b465ee728b)  -> (artifact id: '3b584c523433fca67f0d66fe63649ac1') in 0.012106 seconds
  Import took 0.014586 seconds .

========================================================================
Received Import Request.
  Time since last request: 0.000199 seconds.
  path: Assets/Content/Sample/0x72_DungeonTilesetII_v1.4/frames/chest_empty_open_anim_f0.png
  artifactKey: Guid(50fe1a4620a6713499c2302d097df4ff) Importer(815301076,1909f56bfc062723c751e8b465ee728b)
Start importing Assets/Content/Sample/0x72_DungeonTilesetII_v1.4/frames/chest_empty_open_anim_f0.png using Guid(50fe1a4620a6713499c2302d097df4ff) Importer(815301076,1909f56bfc062723c751e8b465ee728b)  -> (artifact id: '78616d022259de4d4d3cd5a2a8678353') in 0.007008 seconds
  Import took 0.009732 seconds .

========================================================================
Received Import Request.
  Time since last request: 69.416659 seconds.
  path: Assets/Content/Sample/Prefabs/UI/UpgradesPage.prefab
  artifactKey: Guid(74e4819ac2b1bf24fa62ccdeaa225f4e) Importer(815301076,1909f56bfc062723c751e8b465ee728b)
Start importing Assets/Content/Sample/Prefabs/UI/UpgradesPage.prefab using Guid(74e4819ac2b1bf24fa62ccdeaa225f4e) Importer(815301076,1909f56bfc062723c751e8b465ee728b)  -> (artifact id: '366bbdad0b4d2d41a552c5a13608fe2f') in 0.036197 seconds
  Import took 0.039549 seconds .

========================================================================
Received Import Request.
  Time since last request: 2.466824 seconds.
  path: Assets/Content/Sample/Prefabs/UI/UpgradesPage.prefab
  artifactKey: Guid(74e4819ac2b1bf24fa62ccdeaa225f4e) Importer(815301076,1909f56bfc062723c751e8b465ee728b)
Start importing Assets/Content/Sample/Prefabs/UI/UpgradesPage.prefab using Guid(74e4819ac2b1bf24fa62ccdeaa225f4e) Importer(815301076,1909f56bfc062723c751e8b465ee728b)  -> (artifact id: 'fb03052c89228bc2fa651f1f93e3d0e2') in 0.014666 seconds
  Import took 0.018417 seconds .

========================================================================
Received Import Request.
  Time since last request: 4.316859 seconds.
  path: Assets/Content/Sample/Prefabs/UI/UpgradesPage.prefab
  artifactKey: Guid(74e4819ac2b1bf24fa62ccdeaa225f4e) Importer(815301076,1909f56bfc062723c751e8b465ee728b)
Start importing Assets/Content/Sample/Prefabs/UI/UpgradesPage.prefab using Guid(74e4819ac2b1bf24fa62ccdeaa225f4e) Importer(815301076,1909f56bfc062723c751e8b465ee728b)  -> (artifact id: '96d6ad690b86d53bbfcbb7243323e9d1') in 0.021670 seconds
  Import took 0.025722 seconds .

========================================================================
Received Import Request.
  Time since last request: 1.658427 seconds.
  path: Assets/Content/Sample/Prefabs/UI/UpgradesPage.prefab
  artifactKey: Guid(74e4819ac2b1bf24fa62ccdeaa225f4e) Importer(815301076,1909f56bfc062723c751e8b465ee728b)
Start importing Assets/Content/Sample/Prefabs/UI/UpgradesPage.prefab using Guid(74e4819ac2b1bf24fa62ccdeaa225f4e) Importer(815301076,1909f56bfc062723c751e8b465ee728b)  -> (artifact id: '9395ea52e63c91d8da3774d9787bb727') in 0.014142 seconds
  Import took 0.017845 seconds .

========================================================================
Received Import Request.
  Time since last request: 21.429405 seconds.
  path: Assets/Content/Sample/Prefabs/UI/UpgradesPage.prefab
  artifactKey: Guid(74e4819ac2b1bf24fa62ccdeaa225f4e) Importer(815301076,1909f56bfc062723c751e8b465ee728b)
Start importing Assets/Content/Sample/Prefabs/UI/UpgradesPage.prefab using Guid(74e4819ac2b1bf24fa62ccdeaa225f4e) Importer(815301076,1909f56bfc062723c751e8b465ee728b)  -> (artifact id: '3c362f18cd916c16de34564460277259') in 0.020255 seconds
  Import took 0.024420 seconds .

========================================================================
Received Import Request.
  Time since last request: 259.507303 seconds.
  path: Assets/Content/Sample/Prefabs/UI/UpgradesPage.prefab
  artifactKey: Guid(74e4819ac2b1bf24fa62ccdeaa225f4e) Importer(815301076,1909f56bfc062723c751e8b465ee728b)
Start importing Assets/Content/Sample/Prefabs/UI/UpgradesPage.prefab using Guid(74e4819ac2b1bf24fa62ccdeaa225f4e) Importer(815301076,1909f56bfc062723c751e8b465ee728b)  -> (artifact id: '2b6f6d17e9aeec3eec83f4b87a55cce1') in 0.015336 seconds
  Import took 0.019150 seconds .

========================================================================
Received Import Request.
  Time since last request: 4.539441 seconds.
  path: Assets/Content/Sample/Prefabs/UI/UpgradesPage.prefab
  artifactKey: Guid(74e4819ac2b1bf24fa62ccdeaa225f4e) Importer(815301076,1909f56bfc062723c751e8b465ee728b)
Start importing Assets/Content/Sample/Prefabs/UI/UpgradesPage.prefab using Guid(74e4819ac2b1bf24fa62ccdeaa225f4e) Importer(815301076,1909f56bfc062723c751e8b465ee728b)  -> (artifact id: '176891719892dd07d97998adfbd4aa38') in 0.021659 seconds
  Import took 0.026029 seconds .

========================================================================
Received Import Request.
  Time since last request: 1.424727 seconds.
  path: Assets/Content/Sample/Prefabs/UI/UpgradesPage.prefab
  artifactKey: Guid(74e4819ac2b1bf24fa62ccdeaa225f4e) Importer(815301076,1909f56bfc062723c751e8b465ee728b)
Start importing Assets/Content/Sample/Prefabs/UI/UpgradesPage.prefab using Guid(74e4819ac2b1bf24fa62ccdeaa225f4e) Importer(815301076,1909f56bfc062723c751e8b465ee728b)  -> (artifact id: '65189467cb1bba7a97fd96d022e30686') in 0.014830 seconds
  Import took 0.018355 seconds .

========================================================================
Received Import Request.
  Time since last request: 2.594178 seconds.
  path: Assets/Content/Sample/Prefabs/UI/UpgradesPage.prefab
  artifactKey: Guid(74e4819ac2b1bf24fa62ccdeaa225f4e) Importer(815301076,1909f56bfc062723c751e8b465ee728b)
Start importing Assets/Content/Sample/Prefabs/UI/UpgradesPage.prefab using Guid(74e4819ac2b1bf24fa62ccdeaa225f4e) Importer(815301076,1909f56bfc062723c751e8b465ee728b)  -> (artifact id: '60cba1a625881fc02c113e37891be94c') in 0.014246 seconds
  Import took 0.017658 seconds .

========================================================================
Received Import Request.
  Time since last request: 2.599923 seconds.
  path: Assets/Content/Sample/Prefabs/UI/UpgradesPage.prefab
  artifactKey: Guid(74e4819ac2b1bf24fa62ccdeaa225f4e) Importer(815301076,1909f56bfc062723c751e8b465ee728b)
Start importing Assets/Content/Sample/Prefabs/UI/UpgradesPage.prefab using Guid(74e4819ac2b1bf24fa62ccdeaa225f4e) Importer(815301076,1909f56bfc062723c751e8b465ee728b)  -> (artifact id: '95b8f07eeea2caaf1f29ced1645ee8bf') in 0.015017 seconds
  Import took 0.018451 seconds .

========================================================================
Received Import Request.
  Time since last request: 4.431808 seconds.
  path: Assets/Content/Sample/Prefabs/UI/UpgradesPage.prefab
  artifactKey: Guid(74e4819ac2b1bf24fa62ccdeaa225f4e) Importer(815301076,1909f56bfc062723c751e8b465ee728b)
Start importing Assets/Content/Sample/Prefabs/UI/UpgradesPage.prefab using Guid(74e4819ac2b1bf24fa62ccdeaa225f4e) Importer(815301076,1909f56bfc062723c751e8b465ee728b)  -> (artifact id: 'f4a61b7f213775b68101f85f51fe4108') in 0.023262 seconds
  Import took 0.027377 seconds .

========================================================================
Received Import Request.
  Time since last request: 7.431375 seconds.
  path: Assets/Content/Sample/Prefabs/UI/UpgradesPage.prefab
  artifactKey: Guid(74e4819ac2b1bf24fa62ccdeaa225f4e) Importer(815301076,1909f56bfc062723c751e8b465ee728b)
Start importing Assets/Content/Sample/Prefabs/UI/UpgradesPage.prefab using Guid(74e4819ac2b1bf24fa62ccdeaa225f4e) Importer(815301076,1909f56bfc062723c751e8b465ee728b)  -> (artifact id: 'f1ec4a066fbe32cfc556db00f9cfe1b4') in 0.027656 seconds
  Import took 0.031839 seconds .

========================================================================
Received Import Request.
  Time since last request: 9.281669 seconds.
  path: Assets/Content/Sample/Prefabs/UI/UpgradesPage.prefab
  artifactKey: Guid(74e4819ac2b1bf24fa62ccdeaa225f4e) Importer(815301076,1909f56bfc062723c751e8b465ee728b)
Start importing Assets/Content/Sample/Prefabs/UI/UpgradesPage.prefab using Guid(74e4819ac2b1bf24fa62ccdeaa225f4e) Importer(815301076,1909f56bfc062723c751e8b465ee728b)  -> (artifact id: '1021a669c412f3d8a002c268f335573f') in 0.029295 seconds
  Import took 0.033824 seconds .

========================================================================
Received Import Request.
  Time since last request: 27.658366 seconds.
  path: Assets/Content/Sample/Scripts/UI
  artifactKey: Guid(a328ca0866fa3aa4492dceab4f52fe2a) Importer(815301076,1909f56bfc062723c751e8b465ee728b)
Start importing Assets/Content/Sample/Scripts/UI using Guid(a328ca0866fa3aa4492dceab4f52fe2a) Importer(815301076,1909f56bfc062723c751e8b465ee728b)  -> (artifact id: '1d84429aa4419e1fcb9b95f5fec57886') in 0.006165 seconds
  Import took 0.008856 seconds .

========================================================================
Received Import Request.
  Time since last request: 4.693604 seconds.
  path: Assets/Content/Sample/Scripts/UI/PlayerHealthPointsUpgradePanel.cs
  artifactKey: Guid(7abee18ae106d0d47a2d43d894f4ed47) Importer(815301076,1909f56bfc062723c751e8b465ee728b)
Start importing Assets/Content/Sample/Scripts/UI/PlayerHealthPointsUpgradePanel.cs using Guid(7abee18ae106d0d47a2d43d894f4ed47) Importer(815301076,1909f56bfc062723c751e8b465ee728b)  -> (artifact id: '505b597c7cca9ff7f2191098fe64f67e') in 0.013770 seconds
  Import took 0.016481 seconds .

========================================================================
Received Prepare
Registering precompiled user dll's ...
Registered in 0.000866 seconds.
Begin MonoManager ReloadAssembly
Native extension for WindowsStandalone target not found
Refreshing native plugins compatible for Editor in 0.38 ms, found 1 plugins.
Preloading 0 native plugins for Editor in 0.00 ms.
Invoked RoslynAnalysisRunner static constructor.
RoslynAnalysisRunner will not be running.
RoslynAnalysisRunner has terminated.
Mono: successfully reloaded assembly
- Completed reload, in  0.716 seconds
Platform modules already initialized, skipping
Refreshing native plugins compatible for Editor in 0.33 ms, found 1 plugins.
Preloading 0 native plugins for Editor in 0.00 ms.
Unloading 1836 Unused Serialized files (Serialized files now loaded: 0)
System memory in use before: 89.4 MB.
System memory in use after: 89.3 MB.

Unloading 12 unused Assets to reduce memory usage. Loaded Objects now: 2305.
Total: 1.924100 ms (FindLiveObjects: 0.177700 ms CreateObjectMapping: 0.042000 ms MarkObjects: 1.599000 ms  DeleteObjects: 0.104500 ms)

========================================================================
Received Import Request.
  Time since last request: 24.346542 seconds.
  path: Assets/Content/Sample/Scripts/UI/PlayerDamagePointsUpgradePanel.cs
  artifactKey: Guid(eeb0a30863cb85243b1654cfb1757252) Importer(815301076,1909f56bfc062723c751e8b465ee728b)
Start importing Assets/Content/Sample/Scripts/UI/PlayerDamagePointsUpgradePanel.cs using Guid(eeb0a30863cb85243b1654cfb1757252) Importer(815301076,1909f56bfc062723c751e8b465ee728b)  -> (artifact id: 'cd7c3aa808421c3ca42ed5c6f11c0aaa') in 0.007864 seconds
  Import took 0.010586 seconds .

========================================================================
Received Prepare
Registering precompiled user dll's ...
Registered in 0.000831 seconds.
Begin MonoManager ReloadAssembly
Native extension for WindowsStandalone target not found
Refreshing native plugins compatible for Editor in 0.39 ms, found 1 plugins.
Preloading 0 native plugins for Editor in 0.00 ms.
Invoked RoslynAnalysisRunner static constructor.
RoslynAnalysisRunner will not be running.
RoslynAnalysisRunner has terminated.
Mono: successfully reloaded assembly
- Completed reload, in  0.719 seconds
Platform modules already initialized, skipping
Refreshing native plugins compatible for Editor in 0.34 ms, found 1 plugins.
Preloading 0 native plugins for Editor in 0.00 ms.
Unloading 1837 Unused Serialized files (Serialized files now loaded: 0)
System memory in use before: 89.4 MB.
System memory in use after: 89.4 MB.

Unloading 12 unused Assets to reduce memory usage. Loaded Objects now: 2310.
Total: 1.801700 ms (FindLiveObjects: 0.180700 ms CreateObjectMapping: 0.036300 ms MarkObjects: 1.487900 ms  DeleteObjects: 0.095900 ms)

========================================================================
Received Prepare
Registering precompiled user dll's ...
Registered in 0.000780 seconds.
Begin MonoManager ReloadAssembly
Native extension for WindowsStandalone target not found
Refreshing native plugins compatible for Editor in 0.46 ms, found 1 plugins.
Preloading 0 native plugins for Editor in 0.00 ms.
Invoked RoslynAnalysisRunner static constructor.
RoslynAnalysisRunner will not be running.
RoslynAnalysisRunner has terminated.
Mono: successfully reloaded assembly
- Completed reload, in  0.731 seconds
Platform modules already initialized, skipping
Refreshing native plugins compatible for Editor in 0.39 ms, found 1 plugins.
Preloading 0 native plugins for Editor in 0.00 ms.
Unloading 1837 Unused Serialized files (Serialized files now loaded: 0)
System memory in use before: 89.4 MB.
System memory in use after: 89.4 MB.

Unloading 12 unused Assets to reduce memory usage. Loaded Objects now: 2314.
Total: 1.796600 ms (FindLiveObjects: 0.170200 ms CreateObjectMapping: 0.040000 ms MarkObjects: 1.497100 ms  DeleteObjects: 0.088500 ms)

========================================================================
Received Prepare
Registering precompiled user dll's ...
Registered in 0.000790 seconds.
Begin MonoManager ReloadAssembly
Native extension for WindowsStandalone target not found
Refreshing native plugins compatible for Editor in 0.39 ms, found 1 plugins.
Preloading 0 native plugins for Editor in 0.00 ms.
Invoked RoslynAnalysisRunner static constructor.
RoslynAnalysisRunner will not be running.
RoslynAnalysisRunner has terminated.
Mono: successfully reloaded assembly
- Completed reload, in  0.766 seconds
Platform modules already initialized, skipping
Refreshing native plugins compatible for Editor in 0.34 ms, found 1 plugins.
Preloading 0 native plugins for Editor in 0.00 ms.
Unloading 1837 Unused Serialized files (Serialized files now loaded: 0)
System memory in use before: 89.4 MB.
System memory in use after: 89.4 MB.

Unloading 12 unused Assets to reduce memory usage. Loaded Objects now: 2318.
Total: 1.948600 ms (FindLiveObjects: 0.200000 ms CreateObjectMapping: 0.047500 ms MarkObjects: 1.600300 ms  DeleteObjects: 0.099900 ms)

========================================================================
Received Prepare
Registering precompiled user dll's ...
Registered in 0.000869 seconds.
Begin MonoManager ReloadAssembly
Native extension for WindowsStandalone target not found
Refreshing native plugins compatible for Editor in 0.38 ms, found 1 plugins.
Preloading 0 native plugins for Editor in 0.00 ms.
Invoked RoslynAnalysisRunner static constructor.
RoslynAnalysisRunner will not be running.
RoslynAnalysisRunner has terminated.
Mono: successfully reloaded assembly
- Completed reload, in  0.765 seconds
Platform modules already initialized, skipping
Refreshing native plugins compatible for Editor in 0.38 ms, found 1 plugins.
Preloading 0 native plugins for Editor in 0.00 ms.
Unloading 1837 Unused Serialized files (Serialized files now loaded: 0)
System memory in use before: 89.4 MB.
System memory in use after: 89.4 MB.

Unloading 12 unused Assets to reduce memory usage. Loaded Objects now: 2322.
Total: 2.015400 ms (FindLiveObjects: 0.200700 ms CreateObjectMapping: 0.047200 ms MarkObjects: 1.671300 ms  DeleteObjects: 0.095100 ms)

========================================================================
Received Prepare
Registering precompiled user dll's ...
Registered in 0.000937 seconds.
Begin MonoManager ReloadAssembly
Native extension for WindowsStandalone target not found
Refreshing native plugins compatible for Editor in 0.39 ms, found 1 plugins.
Preloading 0 native plugins for Editor in 0.00 ms.
Invoked RoslynAnalysisRunner static constructor.
RoslynAnalysisRunner will not be running.
RoslynAnalysisRunner has terminated.
Mono: successfully reloaded assembly
- Completed reload, in  0.774 seconds
Platform modules already initialized, skipping
Refreshing native plugins compatible for Editor in 0.32 ms, found 1 plugins.
Preloading 0 native plugins for Editor in 0.00 ms.
Unloading 1837 Unused Serialized files (Serialized files now loaded: 0)
System memory in use before: 89.5 MB.
System memory in use after: 89.4 MB.

Unloading 12 unused Assets to reduce memory usage. Loaded Objects now: 2326.
Total: 1.845600 ms (FindLiveObjects: 0.187700 ms CreateObjectMapping: 0.043700 ms MarkObjects: 1.521200 ms  DeleteObjects: 0.091900 ms)

AssetImportWorkerClient::OnTransportError - code=2 error=End of file
